[ 2014-08-20T22:20:46+08:00 ] ::1 /emojigo/home
INFO: [ app_init ] --START--
INFO: Run Behavior\BuildLiteBehavior [ RunTime:0.000020s ]
INFO: [ app_init ] --END-- [ RunTime:0.000596s ]
INFO: [ app_begin ] --START--
INFO: Run Behavior\ReadHtmlCacheBehavior [ RunTime:0.000745s ]
INFO: [ app_begin ] --END-- [ RunTime:0.000798s ]
INFO: [ view_parse ] --START--
INFO: [ template_filter ] --START--
INFO: Run Behavior\ContentReplaceBehavior [ RunTime:0.000038s ]
INFO: [ template_filter ] --END-- [ RunTime:0.000073s ]
NOTIC: [8] Undefined variable: eventinfo /Library/WebServer/Documents/emojigo/Application/Runtime/Cache/Home/2a94b8bda04ff446dcedd42276fc99ee.php 第 97 行.
NOTIC: [8] Undefined variable: eventinfo /Library/WebServer/Documents/emojigo/Application/Runtime/Cache/Home/2a94b8bda04ff446dcedd42276fc99ee.php 第 105 行.
NOTIC: [8] Undefined variable: eventinfo /Library/WebServer/Documents/emojigo/Application/Runtime/Cache/Home/2a94b8bda04ff446dcedd42276fc99ee.php 第 120 行.
NOTIC: [8] Undefined variable: eventinfo /Library/WebServer/Documents/emojigo/Application/Runtime/Cache/Home/2a94b8bda04ff446dcedd42276fc99ee.php 第 137 行.
NOTIC: [8] Undefined variable: eventinfo /Library/WebServer/Documents/emojigo/Application/Runtime/Cache/Home/2a94b8bda04ff446dcedd42276fc99ee.php 第 148 行.
NOTIC: [8] Undefined variable: eventinfo /Library/WebServer/Documents/emojigo/Application/Runtime/Cache/Home/2a94b8bda04ff446dcedd42276fc99ee.php 第 163 行.
INFO: Run Behavior\ParseTemplateBehavior [ RunTime:0.014483s ]
INFO: [ view_parse ] --END-- [ RunTime:0.014534s ]
INFO: [ view_filter ] --START--
INFO: Run Behavior\WriteHtmlCacheBehavior [ RunTime:0.000316s ]
INFO: [ view_filter ] --END-- [ RunTime:0.000340s ]
INFO: [ app_end ] --START--
INFO: Run Behavior\ShowPageTraceBehavior [ RunTime:0.000542s ]
INFO: [ app_end ] --END-- [ RunTime:0.000571s ]

[ 2014-08-20T22:25:08+08:00 ] ::1 /emojigo/home
INFO: [ app_init ] --START--
INFO: Run Behavior\BuildLiteBehavior [ RunTime:0.000009s ]
INFO: [ app_init ] --END-- [ RunTime:0.000211s ]
INFO: [ app_begin ] --START--
INFO: Run Behavior\ReadHtmlCacheBehavior [ RunTime:0.000218s ]
INFO: [ app_begin ] --END-- [ RunTime:0.000246s ]
INFO: [ view_parse ] --START--
INFO: [ template_filter ] --START--
INFO: Run Behavior\ContentReplaceBehavior [ RunTime:0.000030s ]
INFO: [ template_filter ] --END-- [ RunTime:0.000050s ]
NOTIC: [8] Undefined variable: eventinfo /Library/WebServer/Documents/emojigo/Application/Runtime/Cache/Home/2a94b8bda04ff446dcedd42276fc99ee.php 第 97 行.
NOTIC: [8] Undefined variable: eventinfo /Library/WebServer/Documents/emojigo/Application/Runtime/Cache/Home/2a94b8bda04ff446dcedd42276fc99ee.php 第 109 行.
NOTIC: [8] Undefined variable: eventinfo /Library/WebServer/Documents/emojigo/Application/Runtime/Cache/Home/2a94b8bda04ff446dcedd42276fc99ee.php 第 124 行.
NOTIC: [8] Undefined variable: eventinfo /Library/WebServer/Documents/emojigo/Application/Runtime/Cache/Home/2a94b8bda04ff446dcedd42276fc99ee.php 第 141 行.
NOTIC: [8] Undefined variable: eventinfo /Library/WebServer/Documents/emojigo/Application/Runtime/Cache/Home/2a94b8bda04ff446dcedd42276fc99ee.php 第 152 行.
NOTIC: [8] Undefined variable: eventinfo /Library/WebServer/Documents/emojigo/Application/Runtime/Cache/Home/2a94b8bda04ff446dcedd42276fc99ee.php 第 167 行.
INFO: Run Behavior\ParseTemplateBehavior [ RunTime:0.004443s ]
INFO: [ view_parse ] --END-- [ RunTime:0.004464s ]
INFO: [ view_filter ] --START--
INFO: Run Behavior\WriteHtmlCacheBehavior [ RunTime:0.000068s ]
INFO: [ view_filter ] --END-- [ RunTime:0.000084s ]
INFO: [ app_end ] --START--
INFO: Run Behavior\ShowPageTraceBehavior [ RunTime:0.000250s ]
INFO: [ app_end ] --END-- [ RunTime:0.000275s ]

[ 2014-08-20T22:25:47+08:00 ] ::1 /emojigo/home
INFO: [ app_init ] --START--
INFO: Run Behavior\BuildLiteBehavior [ RunTime:0.000009s ]
INFO: [ app_init ] --END-- [ RunTime:0.000207s ]
INFO: [ app_begin ] --START--
INFO: Run Behavior\ReadHtmlCacheBehavior [ RunTime:0.000213s ]
INFO: [ app_begin ] --END-- [ RunTime:0.000251s ]
INFO: [ view_parse ] --START--
INFO: [ template_filter ] --START--
INFO: Run Behavior\ContentReplaceBehavior [ RunTime:0.000041s ]
INFO: [ template_filter ] --END-- [ RunTime:0.000061s ]
NOTIC: [8] Undefined variable: eventinfo /Library/WebServer/Documents/emojigo/Application/Runtime/Cache/Home/2a94b8bda04ff446dcedd42276fc99ee.php 第 97 行.
NOTIC: [8] Undefined variable: eventinfo /Library/WebServer/Documents/emojigo/Application/Runtime/Cache/Home/2a94b8bda04ff446dcedd42276fc99ee.php 第 109 行.
NOTIC: [8] Undefined variable: eventinfo /Library/WebServer/Documents/emojigo/Application/Runtime/Cache/Home/2a94b8bda04ff446dcedd42276fc99ee.php 第 124 行.
NOTIC: [8] Undefined variable: eventinfo /Library/WebServer/Documents/emojigo/Application/Runtime/Cache/Home/2a94b8bda04ff446dcedd42276fc99ee.php 第 141 行.
NOTIC: [8] Undefined variable: eventinfo /Library/WebServer/Documents/emojigo/Application/Runtime/Cache/Home/2a94b8bda04ff446dcedd42276fc99ee.php 第 152 行.
NOTIC: [8] Undefined variable: eventinfo /Library/WebServer/Documents/emojigo/Application/Runtime/Cache/Home/2a94b8bda04ff446dcedd42276fc99ee.php 第 167 行.
INFO: Run Behavior\ParseTemplateBehavior [ RunTime:0.005229s ]
INFO: [ view_parse ] --END-- [ RunTime:0.005251s ]
INFO: [ view_filter ] --START--
INFO: Run Behavior\WriteHtmlCacheBehavior [ RunTime:0.000072s ]
INFO: [ view_filter ] --END-- [ RunTime:0.000088s ]
INFO: [ app_end ] --START--
INFO: Run Behavior\ShowPageTraceBehavior [ RunTime:0.000244s ]
INFO: [ app_end ] --END-- [ RunTime:0.000268s ]

[ 2014-08-20T22:26:07+08:00 ] ::1 /emojigo/home
INFO: [ app_init ] --START--
INFO: Run Behavior\BuildLiteBehavior [ RunTime:0.000008s ]
INFO: [ app_init ] --END-- [ RunTime:0.000162s ]
INFO: [ app_begin ] --START--
INFO: Run Behavior\ReadHtmlCacheBehavior [ RunTime:0.000187s ]
INFO: [ app_begin ] --END-- [ RunTime:0.000210s ]
INFO: [ view_parse ] --START--
INFO: [ template_filter ] --START--
INFO: Run Behavior\ContentReplaceBehavior [ RunTime:0.000033s ]
INFO: [ template_filter ] --END-- [ RunTime:0.000053s ]
NOTIC: [8] Undefined variable: eventinfo /Library/WebServer/Documents/emojigo/Application/Runtime/Cache/Home/2a94b8bda04ff446dcedd42276fc99ee.php 第 97 行.
NOTIC: [8] Undefined variable: eventinfo /Library/WebServer/Documents/emojigo/Application/Runtime/Cache/Home/2a94b8bda04ff446dcedd42276fc99ee.php 第 109 行.
NOTIC: [8] Undefined variable: eventinfo /Library/WebServer/Documents/emojigo/Application/Runtime/Cache/Home/2a94b8bda04ff446dcedd42276fc99ee.php 第 124 行.
NOTIC: [8] Undefined variable: eventinfo /Library/WebServer/Documents/emojigo/Application/Runtime/Cache/Home/2a94b8bda04ff446dcedd42276fc99ee.php 第 141 行.
NOTIC: [8] Undefined variable: eventinfo /Library/WebServer/Documents/emojigo/Application/Runtime/Cache/Home/2a94b8bda04ff446dcedd42276fc99ee.php 第 152 行.
NOTIC: [8] Undefined variable: eventinfo /Library/WebServer/Documents/emojigo/Application/Runtime/Cache/Home/2a94b8bda04ff446dcedd42276fc99ee.php 第 167 行.
INFO: Run Behavior\ParseTemplateBehavior [ RunTime:0.004661s ]
INFO: [ view_parse ] --END-- [ RunTime:0.004682s ]
INFO: [ view_filter ] --START--
INFO: Run Behavior\WriteHtmlCacheBehavior [ RunTime:0.000062s ]
INFO: [ view_filter ] --END-- [ RunTime:0.000078s ]
INFO: [ app_end ] --START--
INFO: Run Behavior\ShowPageTraceBehavior [ RunTime:0.000303s ]
INFO: [ app_end ] --END-- [ RunTime:0.000337s ]

[ 2014-08-20T22:26:32+08:00 ] ::1 /emojigo/home
INFO: [ app_init ] --START--
INFO: Run Behavior\BuildLiteBehavior [ RunTime:0.000008s ]
INFO: [ app_init ] --END-- [ RunTime:0.000193s ]
INFO: [ app_begin ] --START--
INFO: Run Behavior\ReadHtmlCacheBehavior [ RunTime:0.000213s ]
INFO: [ app_begin ] --END-- [ RunTime:0.000241s ]
INFO: [ view_parse ] --START--
INFO: [ template_filter ] --START--
INFO: Run Behavior\ContentReplaceBehavior [ RunTime:0.000038s ]
INFO: [ template_filter ] --END-- [ RunTime:0.000059s ]
NOTIC: [8] Undefined variable: eventinfo /Library/WebServer/Documents/emojigo/Application/Runtime/Cache/Home/2a94b8bda04ff446dcedd42276fc99ee.php 第 97 行.
NOTIC: [8] Undefined variable: eventinfo /Library/WebServer/Documents/emojigo/Application/Runtime/Cache/Home/2a94b8bda04ff446dcedd42276fc99ee.php 第 109 行.
NOTIC: [8] Undefined variable: eventinfo /Library/WebServer/Documents/emojigo/Application/Runtime/Cache/Home/2a94b8bda04ff446dcedd42276fc99ee.php 第 124 行.
NOTIC: [8] Undefined variable: eventinfo /Library/WebServer/Documents/emojigo/Application/Runtime/Cache/Home/2a94b8bda04ff446dcedd42276fc99ee.php 第 141 行.
NOTIC: [8] Undefined variable: eventinfo /Library/WebServer/Documents/emojigo/Application/Runtime/Cache/Home/2a94b8bda04ff446dcedd42276fc99ee.php 第 152 行.
NOTIC: [8] Undefined variable: eventinfo /Library/WebServer/Documents/emojigo/Application/Runtime/Cache/Home/2a94b8bda04ff446dcedd42276fc99ee.php 第 167 行.
INFO: Run Behavior\ParseTemplateBehavior [ RunTime:0.005056s ]
INFO: [ view_parse ] --END-- [ RunTime:0.005077s ]
INFO: [ view_filter ] --START--
INFO: Run Behavior\WriteHtmlCacheBehavior [ RunTime:0.000067s ]
INFO: [ view_filter ] --END-- [ RunTime:0.000083s ]
INFO: [ app_end ] --START--
INFO: Run Behavior\ShowPageTraceBehavior [ RunTime:0.000244s ]
INFO: [ app_end ] --END-- [ RunTime:0.000267s ]

[ 2014-08-20T22:27:09+08:00 ] ::1 /emojigo/home
INFO: [ app_init ] --START--
INFO: Run Behavior\BuildLiteBehavior [ RunTime:0.000008s ]
INFO: [ app_init ] --END-- [ RunTime:0.000193s ]
INFO: [ app_begin ] --START--
INFO: Run Behavior\ReadHtmlCacheBehavior [ RunTime:0.000226s ]
INFO: [ app_begin ] --END-- [ RunTime:0.000252s ]
INFO: [ view_parse ] --START--
INFO: [ template_filter ] --START--
INFO: Run Behavior\ContentReplaceBehavior [ RunTime:0.000031s ]
INFO: [ template_filter ] --END-- [ RunTime:0.000052s ]
NOTIC: [8] Undefined variable: eventinfo /Library/WebServer/Documents/emojigo/Application/Runtime/Cache/Home/2a94b8bda04ff446dcedd42276fc99ee.php 第 97 行.
NOTIC: [8] Undefined variable: eventinfo /Library/WebServer/Documents/emojigo/Application/Runtime/Cache/Home/2a94b8bda04ff446dcedd42276fc99ee.php 第 109 行.
NOTIC: [8] Undefined variable: eventinfo /Library/WebServer/Documents/emojigo/Application/Runtime/Cache/Home/2a94b8bda04ff446dcedd42276fc99ee.php 第 124 行.
NOTIC: [8] Undefined variable: eventinfo /Library/WebServer/Documents/emojigo/Application/Runtime/Cache/Home/2a94b8bda04ff446dcedd42276fc99ee.php 第 141 行.
NOTIC: [8] Undefined variable: eventinfo /Library/WebServer/Documents/emojigo/Application/Runtime/Cache/Home/2a94b8bda04ff446dcedd42276fc99ee.php 第 152 行.
NOTIC: [8] Undefined variable: eventinfo /Library/WebServer/Documents/emojigo/Application/Runtime/Cache/Home/2a94b8bda04ff446dcedd42276fc99ee.php 第 167 行.
INFO: Run Behavior\ParseTemplateBehavior [ RunTime:0.004609s ]
INFO: [ view_parse ] --END-- [ RunTime:0.004629s ]
INFO: [ view_filter ] --START--
INFO: Run Behavior\WriteHtmlCacheBehavior [ RunTime:0.000059s ]
INFO: [ view_filter ] --END-- [ RunTime:0.000075s ]
INFO: [ app_end ] --START--
INFO: Run Behavior\ShowPageTraceBehavior [ RunTime:0.000226s ]
INFO: [ app_end ] --END-- [ RunTime:0.000249s ]

[ 2014-08-20T22:27:10+08:00 ] ::1 /emojigo/home
INFO: [ app_init ] --START--
INFO: Run Behavior\BuildLiteBehavior [ RunTime:0.000007s ]
INFO: [ app_init ] --END-- [ RunTime:0.000167s ]
INFO: [ app_begin ] --START--
INFO: Run Behavior\ReadHtmlCacheBehavior [ RunTime:0.000199s ]
INFO: [ app_begin ] --END-- [ RunTime:0.000234s ]
INFO: [ view_parse ] --START--
INFO: [ template_filter ] --START--
INFO: Run Behavior\ContentReplaceBehavior [ RunTime:0.000032s ]
INFO: [ template_filter ] --END-- [ RunTime:0.000052s ]
NOTIC: [8] Undefined variable: eventinfo /Library/WebServer/Documents/emojigo/Application/Runtime/Cache/Home/2a94b8bda04ff446dcedd42276fc99ee.php 第 97 行.
NOTIC: [8] Undefined variable: eventinfo /Library/WebServer/Documents/emojigo/Application/Runtime/Cache/Home/2a94b8bda04ff446dcedd42276fc99ee.php 第 109 行.
NOTIC: [8] Undefined variable: eventinfo /Library/WebServer/Documents/emojigo/Application/Runtime/Cache/Home/2a94b8bda04ff446dcedd42276fc99ee.php 第 124 行.
NOTIC: [8] Undefined variable: eventinfo /Library/WebServer/Documents/emojigo/Application/Runtime/Cache/Home/2a94b8bda04ff446dcedd42276fc99ee.php 第 141 行.
NOTIC: [8] Undefined variable: eventinfo /Library/WebServer/Documents/emojigo/Application/Runtime/Cache/Home/2a94b8bda04ff446dcedd42276fc99ee.php 第 152 行.
NOTIC: [8] Undefined variable: eventinfo /Library/WebServer/Documents/emojigo/Application/Runtime/Cache/Home/2a94b8bda04ff446dcedd42276fc99ee.php 第 167 行.
INFO: Run Behavior\ParseTemplateBehavior [ RunTime:0.004652s ]
INFO: [ view_parse ] --END-- [ RunTime:0.004672s ]
INFO: [ view_filter ] --START--
INFO: Run Behavior\WriteHtmlCacheBehavior [ RunTime:0.000059s ]
INFO: [ view_filter ] --END-- [ RunTime:0.000077s ]
INFO: [ app_end ] --START--
INFO: Run Behavior\ShowPageTraceBehavior [ RunTime:0.000226s ]
INFO: [ app_end ] --END-- [ RunTime:0.000247s ]

[ 2014-08-20T22:28:07+08:00 ] ::1 /emojigo/home
INFO: [ app_init ] --START--
INFO: Run Behavior\BuildLiteBehavior [ RunTime:0.000008s ]
INFO: [ app_init ] --END-- [ RunTime:0.000185s ]
INFO: [ app_begin ] --START--
INFO: Run Behavior\ReadHtmlCacheBehavior [ RunTime:0.000209s ]
INFO: [ app_begin ] --END-- [ RunTime:0.000234s ]
INFO: [ view_parse ] --START--
INFO: [ template_filter ] --START--
INFO: Run Behavior\ContentReplaceBehavior [ RunTime:0.000045s ]
INFO: [ template_filter ] --END-- [ RunTime:0.000070s ]
NOTIC: [8] Undefined variable: eventinfo /Library/WebServer/Documents/emojigo/Application/Runtime/Cache/Home/2a94b8bda04ff446dcedd42276fc99ee.php 第 97 行.
NOTIC: [8] Undefined variable: eventinfo /Library/WebServer/Documents/emojigo/Application/Runtime/Cache/Home/2a94b8bda04ff446dcedd42276fc99ee.php 第 109 行.
NOTIC: [8] Undefined variable: eventinfo /Library/WebServer/Documents/emojigo/Application/Runtime/Cache/Home/2a94b8bda04ff446dcedd42276fc99ee.php 第 124 行.
NOTIC: [8] Undefined variable: eventinfo /Library/WebServer/Documents/emojigo/Application/Runtime/Cache/Home/2a94b8bda04ff446dcedd42276fc99ee.php 第 141 行.
NOTIC: [8] Undefined variable: eventinfo /Library/WebServer/Documents/emojigo/Application/Runtime/Cache/Home/2a94b8bda04ff446dcedd42276fc99ee.php 第 152 行.
NOTIC: [8] Undefined variable: eventinfo /Library/WebServer/Documents/emojigo/Application/Runtime/Cache/Home/2a94b8bda04ff446dcedd42276fc99ee.php 第 167 行.
INFO: Run Behavior\ParseTemplateBehavior [ RunTime:0.005304s ]
INFO: [ view_parse ] --END-- [ RunTime:0.005330s ]
INFO: [ view_filter ] --START--
INFO: Run Behavior\WriteHtmlCacheBehavior [ RunTime:0.000084s ]
INFO: [ view_filter ] --END-- [ RunTime:0.000101s ]
INFO: [ app_end ] --START--
INFO: Run Behavior\ShowPageTraceBehavior [ RunTime:0.000220s ]
INFO: [ app_end ] --END-- [ RunTime:0.000244s ]

[ 2014-08-20T22:28:24+08:00 ] ::1 /emojigo/home
INFO: [ app_init ] --START--
INFO: Run Behavior\BuildLiteBehavior [ RunTime:0.000010s ]
INFO: [ app_init ] --END-- [ RunTime:0.000196s ]
INFO: [ app_begin ] --START--
INFO: Run Behavior\ReadHtmlCacheBehavior [ RunTime:0.000238s ]
INFO: [ app_begin ] --END-- [ RunTime:0.000266s ]
INFO: [ view_parse ] --START--
INFO: [ template_filter ] --START--
INFO: Run Behavior\ContentReplaceBehavior [ RunTime:0.000035s ]
INFO: [ template_filter ] --END-- [ RunTime:0.000058s ]
NOTIC: [8] Undefined variable: eventinfo /Library/WebServer/Documents/emojigo/Application/Runtime/Cache/Home/2a94b8bda04ff446dcedd42276fc99ee.php 第 97 行.
NOTIC: [8] Undefined variable: eventinfo /Library/WebServer/Documents/emojigo/Application/Runtime/Cache/Home/2a94b8bda04ff446dcedd42276fc99ee.php 第 109 行.
NOTIC: [8] Undefined variable: eventinfo /Library/WebServer/Documents/emojigo/Application/Runtime/Cache/Home/2a94b8bda04ff446dcedd42276fc99ee.php 第 124 行.
NOTIC: [8] Undefined variable: eventinfo /Library/WebServer/Documents/emojigo/Application/Runtime/Cache/Home/2a94b8bda04ff446dcedd42276fc99ee.php 第 141 行.
NOTIC: [8] Undefined variable: eventinfo /Library/WebServer/Documents/emojigo/Application/Runtime/Cache/Home/2a94b8bda04ff446dcedd42276fc99ee.php 第 152 行.
NOTIC: [8] Undefined variable: eventinfo /Library/WebServer/Documents/emojigo/Application/Runtime/Cache/Home/2a94b8bda04ff446dcedd42276fc99ee.php 第 167 行.
INFO: Run Behavior\ParseTemplateBehavior [ RunTime:0.005193s ]
INFO: [ view_parse ] --END-- [ RunTime:0.005216s ]
INFO: [ view_filter ] --START--
INFO: Run Behavior\WriteHtmlCacheBehavior [ RunTime:0.000061s ]
INFO: [ view_filter ] --END-- [ RunTime:0.000079s ]
INFO: [ app_end ] --START--
INFO: Run Behavior\ShowPageTraceBehavior [ RunTime:0.000227s ]
INFO: [ app_end ] --END-- [ RunTime:0.000249s ]

[ 2014-08-20T22:30:58+08:00 ] ::1 /emojigo/home
INFO: [ app_init ] --START--
INFO: Run Behavior\BuildLiteBehavior [ RunTime:0.000008s ]
INFO: [ app_init ] --END-- [ RunTime:0.000171s ]
INFO: [ app_begin ] --START--
INFO: Run Behavior\ReadHtmlCacheBehavior [ RunTime:0.000208s ]
INFO: [ app_begin ] --END-- [ RunTime:0.000232s ]
INFO: [ view_parse ] --START--
INFO: [ template_filter ] --START--
INFO: Run Behavior\ContentReplaceBehavior [ RunTime:0.000033s ]
INFO: [ template_filter ] --END-- [ RunTime:0.000054s ]
NOTIC: [8] Undefined variable: eventinfo /Library/WebServer/Documents/emojigo/Application/Runtime/Cache/Home/2a94b8bda04ff446dcedd42276fc99ee.php 第 97 行.
NOTIC: [8] Undefined variable: eventinfo /Library/WebServer/Documents/emojigo/Application/Runtime/Cache/Home/2a94b8bda04ff446dcedd42276fc99ee.php 第 109 行.
NOTIC: [8] Undefined variable: eventinfo /Library/WebServer/Documents/emojigo/Application/Runtime/Cache/Home/2a94b8bda04ff446dcedd42276fc99ee.php 第 124 行.
NOTIC: [8] Undefined variable: eventinfo /Library/WebServer/Documents/emojigo/Application/Runtime/Cache/Home/2a94b8bda04ff446dcedd42276fc99ee.php 第 141 行.
NOTIC: [8] Undefined variable: eventinfo /Library/WebServer/Documents/emojigo/Application/Runtime/Cache/Home/2a94b8bda04ff446dcedd42276fc99ee.php 第 152 行.
NOTIC: [8] Undefined variable: eventinfo /Library/WebServer/Documents/emojigo/Application/Runtime/Cache/Home/2a94b8bda04ff446dcedd42276fc99ee.php 第 167 行.
INFO: Run Behavior\ParseTemplateBehavior [ RunTime:0.004738s ]
INFO: [ view_parse ] --END-- [ RunTime:0.004759s ]
INFO: [ view_filter ] --START--
INFO: Run Behavior\WriteHtmlCacheBehavior [ RunTime:0.000065s ]
INFO: [ view_filter ] --END-- [ RunTime:0.000084s ]
INFO: [ app_end ] --START--
INFO: Run Behavior\ShowPageTraceBehavior [ RunTime:0.000239s ]
INFO: [ app_end ] --END-- [ RunTime:0.000263s ]

[ 2014-08-20T22:34:17+08:00 ] ::1 /emojigo/home
INFO: [ app_init ] --START--
INFO: Run Behavior\BuildLiteBehavior [ RunTime:0.000008s ]
INFO: [ app_init ] --END-- [ RunTime:0.000164s ]
INFO: [ app_begin ] --START--
INFO: Run Behavior\ReadHtmlCacheBehavior [ RunTime:0.000198s ]
INFO: [ app_begin ] --END-- [ RunTime:0.000222s ]
INFO: [ view_parse ] --START--
INFO: [ template_filter ] --START--
INFO: Run Behavior\ContentReplaceBehavior [ RunTime:0.000033s ]
INFO: [ template_filter ] --END-- [ RunTime:0.000054s ]
NOTIC: [8] Undefined variable: eventinfo /Library/WebServer/Documents/emojigo/Application/Runtime/Cache/Home/2a94b8bda04ff446dcedd42276fc99ee.php 第 97 行.
NOTIC: [8] Undefined variable: eventinfo /Library/WebServer/Documents/emojigo/Application/Runtime/Cache/Home/2a94b8bda04ff446dcedd42276fc99ee.php 第 109 行.
NOTIC: [8] Undefined variable: eventinfo /Library/WebServer/Documents/emojigo/Application/Runtime/Cache/Home/2a94b8bda04ff446dcedd42276fc99ee.php 第 124 行.
NOTIC: [8] Undefined variable: eventinfo /Library/WebServer/Documents/emojigo/Application/Runtime/Cache/Home/2a94b8bda04ff446dcedd42276fc99ee.php 第 141 行.
NOTIC: [8] Undefined variable: eventinfo /Library/WebServer/Documents/emojigo/Application/Runtime/Cache/Home/2a94b8bda04ff446dcedd42276fc99ee.php 第 152 行.
NOTIC: [8] Undefined variable: eventinfo /Library/WebServer/Documents/emojigo/Application/Runtime/Cache/Home/2a94b8bda04ff446dcedd42276fc99ee.php 第 167 行.
INFO: Run Behavior\ParseTemplateBehavior [ RunTime:0.004747s ]
INFO: [ view_parse ] --END-- [ RunTime:0.004768s ]
INFO: [ view_filter ] --START--
INFO: Run Behavior\WriteHtmlCacheBehavior [ RunTime:0.000062s ]
INFO: [ view_filter ] --END-- [ RunTime:0.000080s ]
INFO: [ app_end ] --START--
INFO: Run Behavior\ShowPageTraceBehavior [ RunTime:0.000227s ]
INFO: [ app_end ] --END-- [ RunTime:0.000247s ]

[ 2014-08-20T22:35:36+08:00 ] ::1 /emojigo/home
INFO: [ app_init ] --START--
INFO: Run Behavior\BuildLiteBehavior [ RunTime:0.000008s ]
INFO: [ app_init ] --END-- [ RunTime:0.000180s ]
INFO: [ app_begin ] --START--
INFO: Run Behavior\ReadHtmlCacheBehavior [ RunTime:0.000200s ]
INFO: [ app_begin ] --END-- [ RunTime:0.000223s ]
INFO: [ view_parse ] --START--
INFO: [ template_filter ] --START--
INFO: Run Behavior\ContentReplaceBehavior [ RunTime:0.000033s ]
INFO: [ template_filter ] --END-- [ RunTime:0.000053s ]
NOTIC: [8] Undefined variable: eventinfo /Library/WebServer/Documents/emojigo/Application/Runtime/Cache/Home/2a94b8bda04ff446dcedd42276fc99ee.php 第 97 行.
NOTIC: [8] Undefined variable: eventinfo /Library/WebServer/Documents/emojigo/Application/Runtime/Cache/Home/2a94b8bda04ff446dcedd42276fc99ee.php 第 109 行.
NOTIC: [8] Undefined variable: eventinfo /Library/WebServer/Documents/emojigo/Application/Runtime/Cache/Home/2a94b8bda04ff446dcedd42276fc99ee.php 第 124 行.
NOTIC: [8] Undefined variable: eventinfo /Library/WebServer/Documents/emojigo/Application/Runtime/Cache/Home/2a94b8bda04ff446dcedd42276fc99ee.php 第 141 行.
NOTIC: [8] Undefined variable: eventinfo /Library/WebServer/Documents/emojigo/Application/Runtime/Cache/Home/2a94b8bda04ff446dcedd42276fc99ee.php 第 152 行.
NOTIC: [8] Undefined variable: eventinfo /Library/WebServer/Documents/emojigo/Application/Runtime/Cache/Home/2a94b8bda04ff446dcedd42276fc99ee.php 第 167 行.
INFO: Run Behavior\ParseTemplateBehavior [ RunTime:0.004785s ]
INFO: [ view_parse ] --END-- [ RunTime:0.004806s ]
INFO: [ view_filter ] --START--
INFO: Run Behavior\WriteHtmlCacheBehavior [ RunTime:0.000062s ]
INFO: [ view_filter ] --END-- [ RunTime:0.000078s ]
INFO: [ app_end ] --START--
INFO: Run Behavior\ShowPageTraceBehavior [ RunTime:0.000229s ]
INFO: [ app_end ] --END-- [ RunTime:0.000257s ]

[ 2014-08-20T22:38:19+08:00 ] ::1 /emojigo/home
INFO: [ app_init ] --START--
INFO: Run Behavior\BuildLiteBehavior [ RunTime:0.000009s ]
INFO: [ app_init ] --END-- [ RunTime:0.000180s ]
INFO: [ app_begin ] --START--
INFO: Run Behavior\ReadHtmlCacheBehavior [ RunTime:0.000221s ]
INFO: [ app_begin ] --END-- [ RunTime:0.000247s ]
INFO: [ view_parse ] --START--
INFO: [ template_filter ] --START--
INFO: Run Behavior\ContentReplaceBehavior [ RunTime:0.000033s ]
INFO: [ template_filter ] --END-- [ RunTime:0.000054s ]
NOTIC: [8] Undefined variable: eventinfo /Library/WebServer/Documents/emojigo/Application/Runtime/Cache/Home/2a94b8bda04ff446dcedd42276fc99ee.php 第 97 行.
NOTIC: [8] Undefined variable: eventinfo /Library/WebServer/Documents/emojigo/Application/Runtime/Cache/Home/2a94b8bda04ff446dcedd42276fc99ee.php 第 109 行.
NOTIC: [8] Undefined variable: eventinfo /Library/WebServer/Documents/emojigo/Application/Runtime/Cache/Home/2a94b8bda04ff446dcedd42276fc99ee.php 第 124 行.
NOTIC: [8] Undefined variable: eventinfo /Library/WebServer/Documents/emojigo/Application/Runtime/Cache/Home/2a94b8bda04ff446dcedd42276fc99ee.php 第 141 行.
NOTIC: [8] Undefined variable: eventinfo /Library/WebServer/Documents/emojigo/Application/Runtime/Cache/Home/2a94b8bda04ff446dcedd42276fc99ee.php 第 152 行.
NOTIC: [8] Undefined variable: eventinfo /Library/WebServer/Documents/emojigo/Application/Runtime/Cache/Home/2a94b8bda04ff446dcedd42276fc99ee.php 第 167 行.
INFO: Run Behavior\ParseTemplateBehavior [ RunTime:0.004885s ]
INFO: [ view_parse ] --END-- [ RunTime:0.004906s ]
INFO: [ view_filter ] --START--
INFO: Run Behavior\WriteHtmlCacheBehavior [ RunTime:0.000065s ]
INFO: [ view_filter ] --END-- [ RunTime:0.000081s ]
INFO: [ app_end ] --START--
INFO: Run Behavior\ShowPageTraceBehavior [ RunTime:0.000259s ]
INFO: [ app_end ] --END-- [ RunTime:0.000296s ]

[ 2014-08-20T22:41:59+08:00 ] ::1 /emojigo/home
INFO: [ app_init ] --START--
INFO: Run Behavior\BuildLiteBehavior [ RunTime:0.000009s ]
INFO: [ app_init ] --END-- [ RunTime:0.000224s ]
INFO: [ app_begin ] --START--
INFO: Run Behavior\ReadHtmlCacheBehavior [ RunTime:0.000189s ]
INFO: [ app_begin ] --END-- [ RunTime:0.000213s ]
INFO: [ view_parse ] --START--
INFO: [ template_filter ] --START--
INFO: Run Behavior\ContentReplaceBehavior [ RunTime:0.000033s ]
INFO: [ template_filter ] --END-- [ RunTime:0.000054s ]
NOTIC: [8] Undefined variable: eventinfo /Library/WebServer/Documents/emojigo/Application/Runtime/Cache/Home/2a94b8bda04ff446dcedd42276fc99ee.php 第 97 行.
NOTIC: [8] Undefined variable: eventinfo /Library/WebServer/Documents/emojigo/Application/Runtime/Cache/Home/2a94b8bda04ff446dcedd42276fc99ee.php 第 109 行.
NOTIC: [8] Undefined variable: eventinfo /Library/WebServer/Documents/emojigo/Application/Runtime/Cache/Home/2a94b8bda04ff446dcedd42276fc99ee.php 第 124 行.
NOTIC: [8] Undefined variable: eventinfo /Library/WebServer/Documents/emojigo/Application/Runtime/Cache/Home/2a94b8bda04ff446dcedd42276fc99ee.php 第 141 行.
NOTIC: [8] Undefined variable: eventinfo /Library/WebServer/Documents/emojigo/Application/Runtime/Cache/Home/2a94b8bda04ff446dcedd42276fc99ee.php 第 152 行.
NOTIC: [8] Undefined variable: eventinfo /Library/WebServer/Documents/emojigo/Application/Runtime/Cache/Home/2a94b8bda04ff446dcedd42276fc99ee.php 第 167 行.
INFO: Run Behavior\ParseTemplateBehavior [ RunTime:0.004649s ]
INFO: [ view_parse ] --END-- [ RunTime:0.004670s ]
INFO: [ view_filter ] --START--
INFO: Run Behavior\WriteHtmlCacheBehavior [ RunTime:0.000062s ]
INFO: [ view_filter ] --END-- [ RunTime:0.000080s ]
INFO: [ app_end ] --START--
INFO: Run Behavior\ShowPageTraceBehavior [ RunTime:0.000199s ]
INFO: [ app_end ] --END-- [ RunTime:0.000220s ]

