[ 2014-08-16T19:46:17+08:00 ] ::1 /emojigo/home/user/login
INFO: [ app_init ] --START--
INFO: Run Behavior\BuildLiteBehavior [ RunTime:0.000018s ]
INFO: [ app_init ] --END-- [ RunTime:0.000488s ]
INFO: [ app_begin ] --START--
INFO: Run Behavior\ReadHtmlCacheBehavior [ RunTime:0.000491s ]
INFO: [ app_begin ] --END-- [ RunTime:0.000524s ]
NOTIC: [2048] Declaration of Home\Model\UserModel::login() should be compatible with Home\Model\BaseUserModel::login($mail, $password) /Library/WebServer/Documents/emojigo/Application/Home/Model/UserModel.class.php 第 5 行.
NOTIC: [2] mysqli::mysqli(): (HY000/2002): Connection refused /Library/WebServer/Documents/emojigo/ThinkPHP/Library/Think/Db/Driver/Mysqli.class.php 第 44 行.
ERR: Connection refused

[ 2014-08-16T19:46:19+08:00 ] ::1 /emojigo/
INFO: [ app_init ] --START--
INFO: Run Behavior\BuildLiteBehavior [ RunTime:0.000006s ]
INFO: [ app_init ] --END-- [ RunTime:0.000143s ]
INFO: [ app_begin ] --START--
INFO: Run Behavior\ReadHtmlCacheBehavior [ RunTime:0.000185s ]
INFO: [ app_begin ] --END-- [ RunTime:0.000208s ]
INFO: [ view_parse ] --START--
INFO: [ template_filter ] --START--
INFO: Run Behavior\ContentReplaceBehavior [ RunTime:0.000043s ]
INFO: [ template_filter ] --END-- [ RunTime:0.000083s ]
NOTIC: [8] Undefined variable: eventinfo /Library/WebServer/Documents/emojigo/Application/Runtime/Cache/Home/2a94b8bda04ff446dcedd42276fc99ee.php 第 97 行.
NOTIC: [8] Undefined variable: eventinfo /Library/WebServer/Documents/emojigo/Application/Runtime/Cache/Home/2a94b8bda04ff446dcedd42276fc99ee.php 第 105 行.
NOTIC: [8] Undefined variable: eventinfo /Library/WebServer/Documents/emojigo/Application/Runtime/Cache/Home/2a94b8bda04ff446dcedd42276fc99ee.php 第 120 行.
NOTIC: [8] Undefined variable: eventinfo /Library/WebServer/Documents/emojigo/Application/Runtime/Cache/Home/2a94b8bda04ff446dcedd42276fc99ee.php 第 137 行.
NOTIC: [8] Undefined variable: eventinfo /Library/WebServer/Documents/emojigo/Application/Runtime/Cache/Home/2a94b8bda04ff446dcedd42276fc99ee.php 第 148 行.
NOTIC: [8] Undefined variable: eventinfo /Library/WebServer/Documents/emojigo/Application/Runtime/Cache/Home/2a94b8bda04ff446dcedd42276fc99ee.php 第 163 行.
INFO: Run Behavior\ParseTemplateBehavior [ RunTime:0.027669s ]
INFO: [ view_parse ] --END-- [ RunTime:0.027702s ]
INFO: [ view_filter ] --START--
INFO: Run Behavior\WriteHtmlCacheBehavior [ RunTime:0.000316s ]
INFO: [ view_filter ] --END-- [ RunTime:0.000336s ]
INFO: [ app_end ] --START--
INFO: Run Behavior\ShowPageTraceBehavior [ RunTime:0.000472s ]
INFO: [ app_end ] --END-- [ RunTime:0.000495s ]

[ 2014-08-16T20:47:28+08:00 ] ::1 /emojigo/home/watch
INFO: [ app_init ] --START--
INFO: Run Behavior\BuildLiteBehavior [ RunTime:0.000009s ]
INFO: [ app_init ] --END-- [ RunTime:0.000215s ]
INFO: [ app_begin ] --START--
INFO: Run Behavior\ReadHtmlCacheBehavior [ RunTime:0.000207s ]
INFO: [ app_begin ] --END-- [ RunTime:0.000234s ]
ERR: 无法加载控制器:Watch

[ 2014-08-16T20:48:28+08:00 ] ::1 /emojigo/home
INFO: [ app_init ] --START--
INFO: Run Behavior\BuildLiteBehavior [ RunTime:0.000008s ]
INFO: [ app_init ] --END-- [ RunTime:0.000217s ]
INFO: [ app_begin ] --START--
INFO: Run Behavior\ReadHtmlCacheBehavior [ RunTime:0.000202s ]
INFO: [ app_begin ] --END-- [ RunTime:0.000228s ]
INFO: [ view_parse ] --START--
INFO: [ template_filter ] --START--
INFO: Run Behavior\ContentReplaceBehavior [ RunTime:0.000032s ]
INFO: [ template_filter ] --END-- [ RunTime:0.000061s ]
NOTIC: [8] Undefined variable: eventinfo /Library/WebServer/Documents/emojigo/Application/Runtime/Cache/Home/2a94b8bda04ff446dcedd42276fc99ee.php 第 97 行.
NOTIC: [8] Undefined variable: eventinfo /Library/WebServer/Documents/emojigo/Application/Runtime/Cache/Home/2a94b8bda04ff446dcedd42276fc99ee.php 第 105 行.
NOTIC: [8] Undefined variable: eventinfo /Library/WebServer/Documents/emojigo/Application/Runtime/Cache/Home/2a94b8bda04ff446dcedd42276fc99ee.php 第 120 行.
NOTIC: [8] Undefined variable: eventinfo /Library/WebServer/Documents/emojigo/Application/Runtime/Cache/Home/2a94b8bda04ff446dcedd42276fc99ee.php 第 137 行.
NOTIC: [8] Undefined variable: eventinfo /Library/WebServer/Documents/emojigo/Application/Runtime/Cache/Home/2a94b8bda04ff446dcedd42276fc99ee.php 第 148 行.
NOTIC: [8] Undefined variable: eventinfo /Library/WebServer/Documents/emojigo/Application/Runtime/Cache/Home/2a94b8bda04ff446dcedd42276fc99ee.php 第 163 行.
INFO: Run Behavior\ParseTemplateBehavior [ RunTime:0.010628s ]
INFO: [ view_parse ] --END-- [ RunTime:0.010654s ]
INFO: [ view_filter ] --START--
INFO: Run Behavior\WriteHtmlCacheBehavior [ RunTime:0.000088s ]
INFO: [ view_filter ] --END-- [ RunTime:0.000107s ]
INFO: [ app_end ] --START--
INFO: Run Behavior\ShowPageTraceBehavior [ RunTime:0.000404s ]
INFO: [ app_end ] --END-- [ RunTime:0.000463s ]

