[ 2014-09-09T03:27:27+08:00 ] 127.0.0.1 /emojigo/home/event
INFO: [ app_init ] --START--
INFO: Run Behavior\BuildLiteBehavior [ RunTime:0.000009s ]
INFO: [ app_init ] --END-- [ RunTime:0.000446s ]
INFO: [ app_begin ] --START--
INFO: Run Behavior\ReadHtmlCacheBehavior [ RunTime:0.000463s ]
INFO: [ app_begin ] --END-- [ RunTime:0.000496s ]
NOTIC: [2048] Declaration of Home\Model\EventModel::getMessage() should be compatible with Home\Model\BaseEventModel::getMessage($eid, $lastid = 0, $num = 10) /Library/WebServer/Documents/emojigo/Application/Home/Model/EventModel.class.php 第 5 行.
NOTIC: [2048] Declaration of Home\Model\EventModel::getUserEvent() should be compatible with Home\Model\BaseEventModel::getUserEvent($uid, $lastid = 0, $num = 10) /Library/WebServer/Documents/emojigo/Application/Home/Model/EventModel.class.php 第 5 行.
SQL: SHOW COLUMNS FROM `emojigo_event` [ RunTime:0.001086s ]
SQL: SHOW COLUMNS FROM `emojigo_event` [ RunTime:0.000648s ]
SQL: SHOW COLUMNS FROM `emojigo_user` [ RunTime:0.000689s ]
NOTIC: [8] A session had already been started - ignoring session_start() /Library/WebServer/Documents/emojigo/Application/Home/Controller/EventController.class.php 第 101 行.
SQL: SELECT * FROM `emojigo_event` ORDER BY time desc LIMIT 1   [ RunTime:0.000241s ]
INFO: [ view_parse ] --START--
INFO: [ template_filter ] --START--
INFO: Run Behavior\ContentReplaceBehavior [ RunTime:0.000043s ]
INFO: [ template_filter ] --END-- [ RunTime:0.000097s ]
INFO: Run Behavior\ParseTemplateBehavior [ RunTime:0.035254s ]
INFO: [ view_parse ] --END-- [ RunTime:0.035305s ]
INFO: [ view_filter ] --START--
INFO: Run Behavior\WriteHtmlCacheBehavior [ RunTime:0.000335s ]
INFO: [ view_filter ] --END-- [ RunTime:0.000366s ]
INFO: [ app_end ] --START--
INFO: Run Behavior\ShowPageTraceBehavior [ RunTime:0.000586s ]
INFO: [ app_end ] --END-- [ RunTime:0.000620s ]

[ 2014-09-09T03:27:27+08:00 ] 127.0.0.1 /emojigo/home/event/messagecount
INFO: [ app_init ] --START--
INFO: Run Behavior\BuildLiteBehavior [ RunTime:0.000012s ]
INFO: [ app_init ] --END-- [ RunTime:0.000243s ]
INFO: [ app_begin ] --START--
INFO: Run Behavior\ReadHtmlCacheBehavior [ RunTime:0.000302s ]
INFO: [ app_begin ] --END-- [ RunTime:0.000335s ]
NOTIC: [2048] Declaration of Home\Model\EventModel::getMessage() should be compatible with Home\Model\BaseEventModel::getMessage($eid, $lastid = 0, $num = 10) /Library/WebServer/Documents/emojigo/Application/Home/Model/EventModel.class.php 第 5 行.
NOTIC: [2048] Declaration of Home\Model\EventModel::getUserEvent() should be compatible with Home\Model\BaseEventModel::getUserEvent($uid, $lastid = 0, $num = 10) /Library/WebServer/Documents/emojigo/Application/Home/Model/EventModel.class.php 第 5 行.
SQL: SHOW COLUMNS FROM `emojigo_event` [ RunTime:0.000879s ]
SQL: SHOW COLUMNS FROM `emojigo_event` [ RunTime:0.000592s ]
SQL: SHOW COLUMNS FROM `emojigo_user` [ RunTime:0.000592s ]
SQL: SHOW COLUMNS FROM `emojigo_message` [ RunTime:0.000545s ]
SQL: SELECT COUNT(*) AS tp_count FROM `emojigo_message` WHERE `eid` = '71' LIMIT 1   [ RunTime:0.000234s ]
INFO: [ app_end ] --START--
INFO: Run Behavior\ShowPageTraceBehavior [ RunTime:0.000248s ]
INFO: [ app_end ] --END-- [ RunTime:0.000279s ]

[ 2014-09-09T03:27:27+08:00 ] 127.0.0.1 /emojigo/home/event/updateeventcount
INFO: [ app_init ] --START--
INFO: Run Behavior\BuildLiteBehavior [ RunTime:0.000007s ]
INFO: [ app_init ] --END-- [ RunTime:0.000155s ]
INFO: [ app_begin ] --START--
INFO: Run Behavior\ReadHtmlCacheBehavior [ RunTime:0.000196s ]
INFO: [ app_begin ] --END-- [ RunTime:0.000217s ]
NOTIC: [2048] Declaration of Home\Model\EventModel::getMessage() should be compatible with Home\Model\BaseEventModel::getMessage($eid, $lastid = 0, $num = 10) /Library/WebServer/Documents/emojigo/Application/Home/Model/EventModel.class.php 第 5 行.
NOTIC: [2048] Declaration of Home\Model\EventModel::getUserEvent() should be compatible with Home\Model\BaseEventModel::getUserEvent($uid, $lastid = 0, $num = 10) /Library/WebServer/Documents/emojigo/Application/Home/Model/EventModel.class.php 第 5 行.
SQL: SHOW COLUMNS FROM `emojigo_event` [ RunTime:0.000829s ]
SQL: SHOW COLUMNS FROM `emojigo_event` [ RunTime:0.000586s ]
SQL: SHOW COLUMNS FROM `emojigo_user` [ RunTime:0.000574s ]
SQL: SELECT * FROM `emojigo_event` WHERE `id` = 71  [ RunTime:0.000205s ]
SQL: UPDATE `emojigo_event` SET `view_count`=561 WHERE `id` = 71 [ RunTime:0.018171s ]
INFO: [ app_end ] --START--
INFO: Run Behavior\ShowPageTraceBehavior [ RunTime:0.000308s ]
INFO: [ app_end ] --END-- [ RunTime:0.000336s ]

[ 2014-09-09T03:27:27+08:00 ] 127.0.0.1 /emojigo/home/event/getLocalStorage
INFO: [ app_init ] --START--
INFO: Run Behavior\BuildLiteBehavior [ RunTime:0.000007s ]
INFO: [ app_init ] --END-- [ RunTime:0.000162s ]
INFO: [ app_begin ] --START--
INFO: Run Behavior\ReadHtmlCacheBehavior [ RunTime:0.000200s ]
INFO: [ app_begin ] --END-- [ RunTime:0.000222s ]
NOTIC: [2048] Declaration of Home\Model\EventModel::getMessage() should be compatible with Home\Model\BaseEventModel::getMessage($eid, $lastid = 0, $num = 10) /Library/WebServer/Documents/emojigo/Application/Home/Model/EventModel.class.php 第 5 行.
NOTIC: [2048] Declaration of Home\Model\EventModel::getUserEvent() should be compatible with Home\Model\BaseEventModel::getUserEvent($uid, $lastid = 0, $num = 10) /Library/WebServer/Documents/emojigo/Application/Home/Model/EventModel.class.php 第 5 行.
SQL: SHOW COLUMNS FROM `emojigo_event` [ RunTime:0.000946s ]
SQL: SHOW COLUMNS FROM `emojigo_event` [ RunTime:0.000610s ]
SQL: SHOW COLUMNS FROM `emojigo_user` [ RunTime:0.000611s ]
INFO: [ app_end ] --START--
INFO: Run Behavior\ShowPageTraceBehavior [ RunTime:0.000248s ]
INFO: [ app_end ] --END-- [ RunTime:0.000277s ]

[ 2014-09-09T22:02:11+08:00 ] ::1 /emojigo/
INFO: [ app_init ] --START--
INFO: Run Behavior\BuildLiteBehavior [ RunTime:0.000011s ]
INFO: [ app_init ] --END-- [ RunTime:0.000480s ]
INFO: [ app_begin ] --START--
INFO: Run Behavior\ReadHtmlCacheBehavior [ RunTime:0.000500s ]
INFO: [ app_begin ] --END-- [ RunTime:0.000525s ]
NOTIC: [2048] Declaration of Home\Model\EventModel::getMessage() should be compatible with Home\Model\BaseEventModel::getMessage($eid, $lastid = 0, $num = 10) /Library/WebServer/Documents/emojigo/Application/Home/Model/EventModel.class.php 第 5 行.
NOTIC: [2048] Declaration of Home\Model\EventModel::getUserEvent() should be compatible with Home\Model\BaseEventModel::getUserEvent($uid, $lastid = 0, $num = 10) /Library/WebServer/Documents/emojigo/Application/Home/Model/EventModel.class.php 第 5 行.
SQL: SHOW COLUMNS FROM `emojigo_event` [ RunTime:0.000846s ]
SQL: SHOW COLUMNS FROM `emojigo_event` [ RunTime:0.000573s ]
SQL: SHOW COLUMNS FROM `emojigo_user` [ RunTime:0.000564s ]
NOTIC: [8] A session had already been started - ignoring session_start() /Library/WebServer/Documents/emojigo/Application/Home/Controller/EventController.class.php 第 101 行.
SQL: SELECT * FROM `emojigo_event` ORDER BY time desc LIMIT 1   [ RunTime:0.000187s ]
INFO: [ view_parse ] --START--
INFO: [ template_filter ] --START--
INFO: Run Behavior\ContentReplaceBehavior [ RunTime:0.000031s ]
INFO: [ template_filter ] --END-- [ RunTime:0.000072s ]
INFO: Run Behavior\ParseTemplateBehavior [ RunTime:0.034045s ]
INFO: [ view_parse ] --END-- [ RunTime:0.034093s ]
INFO: [ view_filter ] --START--
INFO: Run Behavior\WriteHtmlCacheBehavior [ RunTime:0.000346s ]
INFO: [ view_filter ] --END-- [ RunTime:0.000376s ]
INFO: [ app_end ] --START--
INFO: Run Behavior\ShowPageTraceBehavior [ RunTime:0.000584s ]
INFO: [ app_end ] --END-- [ RunTime:0.000620s ]

[ 2014-09-09T22:02:11+08:00 ] ::1 /emojigo/home/event/messagecount
INFO: [ app_init ] --START--
INFO: Run Behavior\BuildLiteBehavior [ RunTime:0.000015s ]
INFO: [ app_init ] --END-- [ RunTime:0.000269s ]
INFO: [ app_begin ] --START--
INFO: Run Behavior\ReadHtmlCacheBehavior [ RunTime:0.000314s ]
INFO: [ app_begin ] --END-- [ RunTime:0.000350s ]
NOTIC: [2048] Declaration of Home\Model\EventModel::getMessage() should be compatible with Home\Model\BaseEventModel::getMessage($eid, $lastid = 0, $num = 10) /Library/WebServer/Documents/emojigo/Application/Home/Model/EventModel.class.php 第 5 行.
NOTIC: [2048] Declaration of Home\Model\EventModel::getUserEvent() should be compatible with Home\Model\BaseEventModel::getUserEvent($uid, $lastid = 0, $num = 10) /Library/WebServer/Documents/emojigo/Application/Home/Model/EventModel.class.php 第 5 行.
SQL: SHOW COLUMNS FROM `emojigo_event` [ RunTime:0.000721s ]
SQL: SHOW COLUMNS FROM `emojigo_event` [ RunTime:0.000531s ]
SQL: SHOW COLUMNS FROM `emojigo_user` [ RunTime:0.000513s ]
SQL: SHOW COLUMNS FROM `emojigo_message` [ RunTime:0.000461s ]
SQL: SELECT COUNT(*) AS tp_count FROM `emojigo_message` WHERE `eid` = '71' LIMIT 1   [ RunTime:0.000201s ]
INFO: [ app_end ] --START--
INFO: Run Behavior\ShowPageTraceBehavior [ RunTime:0.000250s ]
INFO: [ app_end ] --END-- [ RunTime:0.000271s ]

[ 2014-09-09T22:02:11+08:00 ] ::1 /emojigo/home/event/updateeventcount
INFO: [ app_init ] --START--
INFO: Run Behavior\BuildLiteBehavior [ RunTime:0.000011s ]
INFO: [ app_init ] --END-- [ RunTime:0.000241s ]
INFO: [ app_begin ] --START--
INFO: Run Behavior\ReadHtmlCacheBehavior [ RunTime:0.000312s ]
INFO: [ app_begin ] --END-- [ RunTime:0.000345s ]
NOTIC: [2048] Declaration of Home\Model\EventModel::getMessage() should be compatible with Home\Model\BaseEventModel::getMessage($eid, $lastid = 0, $num = 10) /Library/WebServer/Documents/emojigo/Application/Home/Model/EventModel.class.php 第 5 行.
NOTIC: [2048] Declaration of Home\Model\EventModel::getUserEvent() should be compatible with Home\Model\BaseEventModel::getUserEvent($uid, $lastid = 0, $num = 10) /Library/WebServer/Documents/emojigo/Application/Home/Model/EventModel.class.php 第 5 行.
SQL: SHOW COLUMNS FROM `emojigo_event` [ RunTime:0.000866s ]
SQL: SHOW COLUMNS FROM `emojigo_event` [ RunTime:0.000646s ]
SQL: SHOW COLUMNS FROM `emojigo_user` [ RunTime:0.000542s ]
SQL: SELECT * FROM `emojigo_event` WHERE `id` = 71  [ RunTime:0.000174s ]
SQL: UPDATE `emojigo_event` SET `view_count`=562 WHERE `id` = 71 [ RunTime:0.018205s ]
INFO: [ app_end ] --START--
INFO: Run Behavior\ShowPageTraceBehavior [ RunTime:0.000263s ]
INFO: [ app_end ] --END-- [ RunTime:0.000296s ]

[ 2014-09-09T22:02:11+08:00 ] ::1 /emojigo/home/event/getLocalStorage
INFO: [ app_init ] --START--
INFO: Run Behavior\BuildLiteBehavior [ RunTime:0.000009s ]
INFO: [ app_init ] --END-- [ RunTime:0.000227s ]
INFO: [ app_begin ] --START--
INFO: Run Behavior\ReadHtmlCacheBehavior [ RunTime:0.000205s ]
INFO: [ app_begin ] --END-- [ RunTime:0.000230s ]
NOTIC: [2048] Declaration of Home\Model\EventModel::getMessage() should be compatible with Home\Model\BaseEventModel::getMessage($eid, $lastid = 0, $num = 10) /Library/WebServer/Documents/emojigo/Application/Home/Model/EventModel.class.php 第 5 行.
NOTIC: [2048] Declaration of Home\Model\EventModel::getUserEvent() should be compatible with Home\Model\BaseEventModel::getUserEvent($uid, $lastid = 0, $num = 10) /Library/WebServer/Documents/emojigo/Application/Home/Model/EventModel.class.php 第 5 行.
SQL: SHOW COLUMNS FROM `emojigo_event` [ RunTime:0.000809s ]
SQL: SHOW COLUMNS FROM `emojigo_event` [ RunTime:0.000785s ]
SQL: SHOW COLUMNS FROM `emojigo_user` [ RunTime:0.000693s ]
INFO: [ app_end ] --START--
INFO: Run Behavior\ShowPageTraceBehavior [ RunTime:0.000327s ]
INFO: [ app_end ] --END-- [ RunTime:0.000355s ]

[ 2014-09-09T22:02:24+08:00 ] ::1 /emojigo/home/event
INFO: [ app_init ] --START--
INFO: Run Behavior\BuildLiteBehavior [ RunTime:0.000008s ]
INFO: [ app_init ] --END-- [ RunTime:0.000173s ]
INFO: [ app_begin ] --START--
INFO: Run Behavior\ReadHtmlCacheBehavior [ RunTime:0.000241s ]
INFO: [ app_begin ] --END-- [ RunTime:0.000276s ]
NOTIC: [2048] Declaration of Home\Model\EventModel::getMessage() should be compatible with Home\Model\BaseEventModel::getMessage($eid, $lastid = 0, $num = 10) /Library/WebServer/Documents/emojigo/Application/Home/Model/EventModel.class.php 第 5 行.
NOTIC: [2048] Declaration of Home\Model\EventModel::getUserEvent() should be compatible with Home\Model\BaseEventModel::getUserEvent($uid, $lastid = 0, $num = 10) /Library/WebServer/Documents/emojigo/Application/Home/Model/EventModel.class.php 第 5 行.
SQL: SHOW COLUMNS FROM `emojigo_event` [ RunTime:0.001261s ]
SQL: SHOW COLUMNS FROM `emojigo_event` [ RunTime:0.001113s ]
SQL: SHOW COLUMNS FROM `emojigo_user` [ RunTime:0.000720s ]
NOTIC: [8] A session had already been started - ignoring session_start() /Library/WebServer/Documents/emojigo/Application/Home/Controller/EventController.class.php 第 101 行.
SQL: SELECT * FROM `emojigo_event` ORDER BY time desc LIMIT 1   [ RunTime:0.000272s ]
INFO: [ view_parse ] --START--
INFO: [ template_filter ] --START--
INFO: Run Behavior\ContentReplaceBehavior [ RunTime:0.000022s ]
INFO: [ template_filter ] --END-- [ RunTime:0.000046s ]
INFO: Run Behavior\ParseTemplateBehavior [ RunTime:0.009382s ]
INFO: [ view_parse ] --END-- [ RunTime:0.009432s ]
INFO: [ view_filter ] --START--
INFO: Run Behavior\WriteHtmlCacheBehavior [ RunTime:0.000100s ]
INFO: [ view_filter ] --END-- [ RunTime:0.000130s ]
INFO: [ app_end ] --START--
INFO: Run Behavior\ShowPageTraceBehavior [ RunTime:0.000277s ]
INFO: [ app_end ] --END-- [ RunTime:0.000301s ]

[ 2014-09-09T22:02:24+08:00 ] ::1 /emojigo/home/event/messagecount
INFO: [ app_init ] --START--
INFO: Run Behavior\BuildLiteBehavior [ RunTime:0.000008s ]
INFO: [ app_init ] --END-- [ RunTime:0.000175s ]
INFO: [ app_begin ] --START--
INFO: Run Behavior\ReadHtmlCacheBehavior [ RunTime:0.000214s ]
INFO: [ app_begin ] --END-- [ RunTime:0.000238s ]
NOTIC: [2048] Declaration of Home\Model\EventModel::getMessage() should be compatible with Home\Model\BaseEventModel::getMessage($eid, $lastid = 0, $num = 10) /Library/WebServer/Documents/emojigo/Application/Home/Model/EventModel.class.php 第 5 行.
NOTIC: [2048] Declaration of Home\Model\EventModel::getUserEvent() should be compatible with Home\Model\BaseEventModel::getUserEvent($uid, $lastid = 0, $num = 10) /Library/WebServer/Documents/emojigo/Application/Home/Model/EventModel.class.php 第 5 行.
SQL: SHOW COLUMNS FROM `emojigo_event` [ RunTime:0.000826s ]
SQL: SHOW COLUMNS FROM `emojigo_event` [ RunTime:0.000548s ]
SQL: SHOW COLUMNS FROM `emojigo_user` [ RunTime:0.000637s ]
SQL: SHOW COLUMNS FROM `emojigo_message` [ RunTime:0.000686s ]
SQL: SELECT COUNT(*) AS tp_count FROM `emojigo_message` WHERE `eid` = '71' LIMIT 1   [ RunTime:0.000229s ]
INFO: [ app_end ] --START--
INFO: Run Behavior\ShowPageTraceBehavior [ RunTime:0.000237s ]
INFO: [ app_end ] --END-- [ RunTime:0.000260s ]

[ 2014-09-09T22:02:24+08:00 ] ::1 /emojigo/home/event/updateeventcount
INFO: [ app_init ] --START--
INFO: Run Behavior\BuildLiteBehavior [ RunTime:0.000006s ]
INFO: [ app_init ] --END-- [ RunTime:0.000155s ]
INFO: [ app_begin ] --START--
INFO: Run Behavior\ReadHtmlCacheBehavior [ RunTime:0.000229s ]
INFO: [ app_begin ] --END-- [ RunTime:0.000251s ]
NOTIC: [2048] Declaration of Home\Model\EventModel::getMessage() should be compatible with Home\Model\BaseEventModel::getMessage($eid, $lastid = 0, $num = 10) /Library/WebServer/Documents/emojigo/Application/Home/Model/EventModel.class.php 第 5 行.
NOTIC: [2048] Declaration of Home\Model\EventModel::getUserEvent() should be compatible with Home\Model\BaseEventModel::getUserEvent($uid, $lastid = 0, $num = 10) /Library/WebServer/Documents/emojigo/Application/Home/Model/EventModel.class.php 第 5 行.
SQL: SHOW COLUMNS FROM `emojigo_event` [ RunTime:0.000882s ]
SQL: SHOW COLUMNS FROM `emojigo_event` [ RunTime:0.000791s ]
SQL: SHOW COLUMNS FROM `emojigo_user` [ RunTime:0.000659s ]
SQL: SELECT * FROM `emojigo_event` WHERE `id` = 71  [ RunTime:0.000184s ]
SQL: UPDATE `emojigo_event` SET `view_count`=563 WHERE `id` = 71 [ RunTime:0.000382s ]
INFO: [ app_end ] --START--
INFO: Run Behavior\ShowPageTraceBehavior [ RunTime:0.000238s ]
INFO: [ app_end ] --END-- [ RunTime:0.000259s ]

[ 2014-09-09T22:02:24+08:00 ] ::1 /emojigo/home/event/getLocalStorage
INFO: [ app_init ] --START--
INFO: Run Behavior\BuildLiteBehavior [ RunTime:0.000006s ]
INFO: [ app_init ] --END-- [ RunTime:0.000149s ]
INFO: [ app_begin ] --START--
INFO: Run Behavior\ReadHtmlCacheBehavior [ RunTime:0.000233s ]
INFO: [ app_begin ] --END-- [ RunTime:0.000261s ]
NOTIC: [2048] Declaration of Home\Model\EventModel::getMessage() should be compatible with Home\Model\BaseEventModel::getMessage($eid, $lastid = 0, $num = 10) /Library/WebServer/Documents/emojigo/Application/Home/Model/EventModel.class.php 第 5 行.
NOTIC: [2048] Declaration of Home\Model\EventModel::getUserEvent() should be compatible with Home\Model\BaseEventModel::getUserEvent($uid, $lastid = 0, $num = 10) /Library/WebServer/Documents/emojigo/Application/Home/Model/EventModel.class.php 第 5 行.
SQL: SHOW COLUMNS FROM `emojigo_event` [ RunTime:0.000713s ]
SQL: SHOW COLUMNS FROM `emojigo_event` [ RunTime:0.000644s ]
SQL: SHOW COLUMNS FROM `emojigo_user` [ RunTime:0.000858s ]
INFO: [ app_end ] --START--
INFO: Run Behavior\ShowPageTraceBehavior [ RunTime:0.000259s ]
INFO: [ app_end ] --END-- [ RunTime:0.000284s ]

[ 2014-09-09T22:08:34+08:00 ] ::1 /emojigo/home/event
INFO: [ app_init ] --START--
INFO: Run Behavior\BuildLiteBehavior [ RunTime:0.000008s ]
INFO: [ app_init ] --END-- [ RunTime:0.000172s ]
INFO: [ app_begin ] --START--
INFO: Run Behavior\ReadHtmlCacheBehavior [ RunTime:0.000207s ]
INFO: [ app_begin ] --END-- [ RunTime:0.000232s ]
NOTIC: [2048] Declaration of Home\Model\EventModel::getMessage() should be compatible with Home\Model\BaseEventModel::getMessage($eid, $lastid = 0, $num = 10) /Library/WebServer/Documents/emojigo/Application/Home/Model/EventModel.class.php 第 5 行.
NOTIC: [2048] Declaration of Home\Model\EventModel::getUserEvent() should be compatible with Home\Model\BaseEventModel::getUserEvent($uid, $lastid = 0, $num = 10) /Library/WebServer/Documents/emojigo/Application/Home/Model/EventModel.class.php 第 5 行.
SQL: SHOW COLUMNS FROM `emojigo_event` [ RunTime:0.001241s ]
SQL: SHOW COLUMNS FROM `emojigo_event` [ RunTime:0.000637s ]
SQL: SHOW COLUMNS FROM `emojigo_user` [ RunTime:0.000632s ]
NOTIC: [8] A session had already been started - ignoring session_start() /Library/WebServer/Documents/emojigo/Application/Home/Controller/EventController.class.php 第 101 行.
SQL: SELECT * FROM `emojigo_event` ORDER BY time desc LIMIT 1   [ RunTime:0.000230s ]
INFO: [ view_parse ] --START--
INFO: [ template_filter ] --START--
INFO: Run Behavior\ContentReplaceBehavior [ RunTime:0.000022s ]
INFO: [ template_filter ] --END-- [ RunTime:0.000044s ]
INFO: Run Behavior\ParseTemplateBehavior [ RunTime:0.009334s ]
INFO: [ view_parse ] --END-- [ RunTime:0.009405s ]
INFO: [ view_filter ] --START--
INFO: Run Behavior\WriteHtmlCacheBehavior [ RunTime:0.000183s ]
INFO: [ view_filter ] --END-- [ RunTime:0.000222s ]
INFO: [ app_end ] --START--
INFO: Run Behavior\ShowPageTraceBehavior [ RunTime:0.000464s ]
INFO: [ app_end ] --END-- [ RunTime:0.000505s ]

[ 2014-09-09T22:08:34+08:00 ] ::1 /emojigo/home/event/messagecount
INFO: [ app_init ] --START--
INFO: Run Behavior\BuildLiteBehavior [ RunTime:0.000008s ]
INFO: [ app_init ] --END-- [ RunTime:0.000159s ]
INFO: [ app_begin ] --START--
INFO: Run Behavior\ReadHtmlCacheBehavior [ RunTime:0.000284s ]
INFO: [ app_begin ] --END-- [ RunTime:0.000314s ]
NOTIC: [2048] Declaration of Home\Model\EventModel::getMessage() should be compatible with Home\Model\BaseEventModel::getMessage($eid, $lastid = 0, $num = 10) /Library/WebServer/Documents/emojigo/Application/Home/Model/EventModel.class.php 第 5 行.
NOTIC: [2048] Declaration of Home\Model\EventModel::getUserEvent() should be compatible with Home\Model\BaseEventModel::getUserEvent($uid, $lastid = 0, $num = 10) /Library/WebServer/Documents/emojigo/Application/Home/Model/EventModel.class.php 第 5 行.
SQL: SHOW COLUMNS FROM `emojigo_event` [ RunTime:0.001486s ]
SQL: SHOW COLUMNS FROM `emojigo_event` [ RunTime:0.000608s ]
SQL: SHOW COLUMNS FROM `emojigo_user` [ RunTime:0.000566s ]
SQL: SHOW COLUMNS FROM `emojigo_message` [ RunTime:0.000544s ]
SQL: SELECT COUNT(*) AS tp_count FROM `emojigo_message` WHERE `eid` = '71' LIMIT 1   [ RunTime:0.000266s ]
INFO: [ app_end ] --START--
INFO: Run Behavior\ShowPageTraceBehavior [ RunTime:0.000250s ]
INFO: [ app_end ] --END-- [ RunTime:0.000272s ]

[ 2014-09-09T22:08:34+08:00 ] ::1 /emojigo/home/event/updateeventcount
INFO: [ app_init ] --START--
INFO: Run Behavior\BuildLiteBehavior [ RunTime:0.000007s ]
INFO: [ app_init ] --END-- [ RunTime:0.000258s ]
INFO: [ app_begin ] --START--
INFO: Run Behavior\ReadHtmlCacheBehavior [ RunTime:0.000209s ]
INFO: [ app_begin ] --END-- [ RunTime:0.000230s ]
NOTIC: [2048] Declaration of Home\Model\EventModel::getMessage() should be compatible with Home\Model\BaseEventModel::getMessage($eid, $lastid = 0, $num = 10) /Library/WebServer/Documents/emojigo/Application/Home/Model/EventModel.class.php 第 5 行.
NOTIC: [2048] Declaration of Home\Model\EventModel::getUserEvent() should be compatible with Home\Model\BaseEventModel::getUserEvent($uid, $lastid = 0, $num = 10) /Library/WebServer/Documents/emojigo/Application/Home/Model/EventModel.class.php 第 5 行.
SQL: SHOW COLUMNS FROM `emojigo_event` [ RunTime:0.000696s ]
SQL: SHOW COLUMNS FROM `emojigo_event` [ RunTime:0.000572s ]
SQL: SHOW COLUMNS FROM `emojigo_user` [ RunTime:0.000693s ]
SQL: SELECT * FROM `emojigo_event` WHERE `id` = 71  [ RunTime:0.000198s ]
SQL: UPDATE `emojigo_event` SET `view_count`=564 WHERE `id` = 71 [ RunTime:0.000340s ]
INFO: [ app_end ] --START--
INFO: Run Behavior\ShowPageTraceBehavior [ RunTime:0.000237s ]
INFO: [ app_end ] --END-- [ RunTime:0.000258s ]

[ 2014-09-09T22:08:34+08:00 ] ::1 /emojigo/home/event/getLocalStorage
INFO: [ app_init ] --START--
INFO: Run Behavior\BuildLiteBehavior [ RunTime:0.000007s ]
INFO: [ app_init ] --END-- [ RunTime:0.000196s ]
INFO: [ app_begin ] --START--
INFO: Run Behavior\ReadHtmlCacheBehavior [ RunTime:0.000195s ]
INFO: [ app_begin ] --END-- [ RunTime:0.000216s ]
NOTIC: [2048] Declaration of Home\Model\EventModel::getMessage() should be compatible with Home\Model\BaseEventModel::getMessage($eid, $lastid = 0, $num = 10) /Library/WebServer/Documents/emojigo/Application/Home/Model/EventModel.class.php 第 5 行.
NOTIC: [2048] Declaration of Home\Model\EventModel::getUserEvent() should be compatible with Home\Model\BaseEventModel::getUserEvent($uid, $lastid = 0, $num = 10) /Library/WebServer/Documents/emojigo/Application/Home/Model/EventModel.class.php 第 5 行.
SQL: SHOW COLUMNS FROM `emojigo_event` [ RunTime:0.000950s ]
SQL: SHOW COLUMNS FROM `emojigo_event` [ RunTime:0.000774s ]
SQL: SHOW COLUMNS FROM `emojigo_user` [ RunTime:0.000716s ]
INFO: [ app_end ] --START--
INFO: Run Behavior\ShowPageTraceBehavior [ RunTime:0.000252s ]
INFO: [ app_end ] --END-- [ RunTime:0.000278s ]

[ 2014-09-09T22:08:36+08:00 ] ::1 /emojigo/home/event
INFO: [ app_init ] --START--
INFO: Run Behavior\BuildLiteBehavior [ RunTime:0.000008s ]
INFO: [ app_init ] --END-- [ RunTime:0.000170s ]
INFO: [ app_begin ] --START--
INFO: Run Behavior\ReadHtmlCacheBehavior [ RunTime:0.000222s ]
INFO: [ app_begin ] --END-- [ RunTime:0.000246s ]
NOTIC: [2048] Declaration of Home\Model\EventModel::getMessage() should be compatible with Home\Model\BaseEventModel::getMessage($eid, $lastid = 0, $num = 10) /Library/WebServer/Documents/emojigo/Application/Home/Model/EventModel.class.php 第 5 行.
NOTIC: [2048] Declaration of Home\Model\EventModel::getUserEvent() should be compatible with Home\Model\BaseEventModel::getUserEvent($uid, $lastid = 0, $num = 10) /Library/WebServer/Documents/emojigo/Application/Home/Model/EventModel.class.php 第 5 行.
SQL: SHOW COLUMNS FROM `emojigo_event` [ RunTime:0.001494s ]
SQL: SHOW COLUMNS FROM `emojigo_event` [ RunTime:0.000726s ]
SQL: SHOW COLUMNS FROM `emojigo_user` [ RunTime:0.000594s ]
NOTIC: [8] A session had already been started - ignoring session_start() /Library/WebServer/Documents/emojigo/Application/Home/Controller/EventController.class.php 第 101 行.
SQL: SELECT * FROM `emojigo_event` ORDER BY time desc LIMIT 1   [ RunTime:0.000192s ]
INFO: [ view_parse ] --START--
INFO: [ template_filter ] --START--
INFO: Run Behavior\ContentReplaceBehavior [ RunTime:0.000022s ]
INFO: [ template_filter ] --END-- [ RunTime:0.000043s ]
INFO: Run Behavior\ParseTemplateBehavior [ RunTime:0.008682s ]
INFO: [ view_parse ] --END-- [ RunTime:0.008764s ]
INFO: [ view_filter ] --START--
INFO: Run Behavior\WriteHtmlCacheBehavior [ RunTime:0.000157s ]
INFO: [ view_filter ] --END-- [ RunTime:0.000195s ]
INFO: [ app_end ] --START--
INFO: Run Behavior\ShowPageTraceBehavior [ RunTime:0.000440s ]
INFO: [ app_end ] --END-- [ RunTime:0.000482s ]

[ 2014-09-09T22:08:36+08:00 ] ::1 /emojigo/home/event/messagecount
INFO: [ app_init ] --START--
INFO: Run Behavior\BuildLiteBehavior [ RunTime:0.000008s ]
INFO: [ app_init ] --END-- [ RunTime:0.000163s ]
INFO: [ app_begin ] --START--
INFO: Run Behavior\ReadHtmlCacheBehavior [ RunTime:0.000284s ]
INFO: [ app_begin ] --END-- [ RunTime:0.000317s ]
NOTIC: [2048] Declaration of Home\Model\EventModel::getMessage() should be compatible with Home\Model\BaseEventModel::getMessage($eid, $lastid = 0, $num = 10) /Library/WebServer/Documents/emojigo/Application/Home/Model/EventModel.class.php 第 5 行.
NOTIC: [2048] Declaration of Home\Model\EventModel::getUserEvent() should be compatible with Home\Model\BaseEventModel::getUserEvent($uid, $lastid = 0, $num = 10) /Library/WebServer/Documents/emojigo/Application/Home/Model/EventModel.class.php 第 5 行.
SQL: SHOW COLUMNS FROM `emojigo_event` [ RunTime:0.000828s ]
SQL: SHOW COLUMNS FROM `emojigo_event` [ RunTime:0.000642s ]
SQL: SHOW COLUMNS FROM `emojigo_user` [ RunTime:0.000642s ]
SQL: SHOW COLUMNS FROM `emojigo_message` [ RunTime:0.000822s ]
SQL: SELECT COUNT(*) AS tp_count FROM `emojigo_message` WHERE `eid` = '71' LIMIT 1   [ RunTime:0.000254s ]
INFO: [ app_end ] --START--
INFO: Run Behavior\ShowPageTraceBehavior [ RunTime:0.000251s ]
INFO: [ app_end ] --END-- [ RunTime:0.000275s ]

[ 2014-09-09T22:08:36+08:00 ] ::1 /emojigo/home/event/updateeventcount
INFO: [ app_init ] --START--
INFO: Run Behavior\BuildLiteBehavior [ RunTime:0.000011s ]
INFO: [ app_init ] --END-- [ RunTime:0.000169s ]
INFO: [ app_begin ] --START--
INFO: Run Behavior\ReadHtmlCacheBehavior [ RunTime:0.000201s ]
INFO: [ app_begin ] --END-- [ RunTime:0.000223s ]
NOTIC: [2048] Declaration of Home\Model\EventModel::getMessage() should be compatible with Home\Model\BaseEventModel::getMessage($eid, $lastid = 0, $num = 10) /Library/WebServer/Documents/emojigo/Application/Home/Model/EventModel.class.php 第 5 行.
NOTIC: [2048] Declaration of Home\Model\EventModel::getUserEvent() should be compatible with Home\Model\BaseEventModel::getUserEvent($uid, $lastid = 0, $num = 10) /Library/WebServer/Documents/emojigo/Application/Home/Model/EventModel.class.php 第 5 行.
SQL: SHOW COLUMNS FROM `emojigo_event` [ RunTime:0.000644s ]
SQL: SHOW COLUMNS FROM `emojigo_event` [ RunTime:0.000649s ]
SQL: SHOW COLUMNS FROM `emojigo_user` [ RunTime:0.000660s ]
SQL: SELECT * FROM `emojigo_event` WHERE `id` = 71  [ RunTime:0.000176s ]
SQL: UPDATE `emojigo_event` SET `view_count`=565 WHERE `id` = 71 [ RunTime:0.000242s ]
INFO: [ app_end ] --START--
INFO: Run Behavior\ShowPageTraceBehavior [ RunTime:0.000238s ]
INFO: [ app_end ] --END-- [ RunTime:0.000260s ]

[ 2014-09-09T22:08:36+08:00 ] ::1 /emojigo/home/event/getLocalStorage
INFO: [ app_init ] --START--
INFO: Run Behavior\BuildLiteBehavior [ RunTime:0.000006s ]
INFO: [ app_init ] --END-- [ RunTime:0.000165s ]
INFO: [ app_begin ] --START--
INFO: Run Behavior\ReadHtmlCacheBehavior [ RunTime:0.000195s ]
INFO: [ app_begin ] --END-- [ RunTime:0.000216s ]
NOTIC: [2048] Declaration of Home\Model\EventModel::getMessage() should be compatible with Home\Model\BaseEventModel::getMessage($eid, $lastid = 0, $num = 10) /Library/WebServer/Documents/emojigo/Application/Home/Model/EventModel.class.php 第 5 行.
NOTIC: [2048] Declaration of Home\Model\EventModel::getUserEvent() should be compatible with Home\Model\BaseEventModel::getUserEvent($uid, $lastid = 0, $num = 10) /Library/WebServer/Documents/emojigo/Application/Home/Model/EventModel.class.php 第 5 行.
SQL: SHOW COLUMNS FROM `emojigo_event` [ RunTime:0.001059s ]
SQL: SHOW COLUMNS FROM `emojigo_event` [ RunTime:0.000806s ]
SQL: SHOW COLUMNS FROM `emojigo_user` [ RunTime:0.000864s ]
INFO: [ app_end ] --START--
INFO: Run Behavior\ShowPageTraceBehavior [ RunTime:0.000340s ]
INFO: [ app_end ] --END-- [ RunTime:0.000379s ]

